hp-check[31312]: info: :
hp-check[31312]: info: :[01mHP Linux Imaging and Printing System (ver. 3.16.3)[0m
hp-check[31312]: info: :[01mDependency/Version Check Utility ver. 15.1[0m
hp-check[31312]: info: :
hp-check[31312]: info: :Copyright (c) 2001-15 HP Development Company, LP
hp-check[31312]: info: :This software comes with ABSOLUTELY NO WARRANTY.
hp-check[31312]: info: :This is free software, and you are welcome to distribute it
hp-check[31312]: info: :under certain conditions. See COPYING file for more details.
hp-check[31312]: info: :
hp-check[31312]: info: :[01mNote: hp-check can be run in three modes:[0m
hp-check[31312]: info: :1. Compile-time check mode (-c or --compile): Use this mode before compiling the HPLIP supplied   
hp-check[31312]: info: :tarball (.tar.gz or .run) to determine if the proper dependencies are installed to successfully   
hp-check[31312]: info: :compile HPLIP.                                                                                    
hp-check[31312]: info: :2. Run-time check mode (-r or --run): Use this mode to determine if a distro supplied package     
hp-check[31312]: info: :(.deb, .rpm, etc) or an already built HPLIP supplied tarball has the proper dependencies installed
hp-check[31312]: info: :to successfully run.                                                                              
hp-check[31312]: info: :3. Both compile- and run-time check mode (-b or --both) (Default): This mode will check both of   
hp-check[31312]: info: :the above cases (both compile- and run-time dependencies).                                        
hp-check[31312]: info: :
hp-check[31312]: info: :Check types:                                                                                      
hp-check[31312]: info: :a. EXTERNALDEP - External Dependencies                                                            
hp-check[31312]: info: :b. GENERALDEP - General Dependencies (required both at compile and run time)                      
hp-check[31312]: info: :c. COMPILEDEP - Compile time Dependencies                                                         
hp-check[31312]: info: :d. [All are run-time checks]                                                                      
hp-check[31312]: info: :PYEXT SCANCONF QUEUES PERMISSION                                                                  
hp-check[31312]: info: :
hp-check[31312]: info: :Status Types:
hp-check[31312]: info: :    OK
hp-check[31312]: info: :    MISSING       - Missing Dependency or Permission or Plug-in
hp-check[31312]: info: :    INCOMPAT      - Incompatible dependency-version or Plugin-version
hp-check[31312]: info: :
hp-check[31312]: info: :
hp-check[31312]: info: :---------------
hp-check[31312]: info: :| SYSTEM INFO |
hp-check[31312]: info: :---------------
hp-check[31312]: info: :
hp-check[31312]: info: : Kernel: 4.4.0-47-generic #68-Ubuntu SMP Wed Oct 26 19:39:52 UTC 2016 GNU/Linux
 Host: myubuntu
 Proc: 4.4.0-47-generic #68-Ubuntu SMP Wed Oct 26 19:39:52 UTC 2016 GNU/Linux
 Distribution: ubuntu 16.04
hp-check[31312]: info: : Bitness: 64 bit

hp-check[31312]: info: :
hp-check[31312]: info: :-----------------------
hp-check[31312]: info: :| HPLIP CONFIGURATION |
hp-check[31312]: info: :-----------------------
hp-check[31312]: info: :
hp-check[31312]: info: :HPLIP-Version: HPLIP 3.16.3
hp-check[31312]: info: :HPLIP-Home: /usr/share/hplip
hp-check[31312]: info: :HPLIP-Installation: Auto installation is supported for ubuntu distro  16.04 version 
hp-check[31312]: info: :
hp-check[31312]: info: :[01mCurrent contents of '/etc/hp/hplip.conf' file:[0m
hp-check[31312]: info: :# hplip.conf.  Generated from hplip.conf.in by configure.

[hplip]
version=3.16.3

[dirs]
home=/usr/share/hplip
run=/var/run
ppd=/usr/share/ppd/hplip/HP
ppdbase=/usr/share/ppd/hplip
doc=/usr/share/doc/hplip
html=/usr/share/doc/hplip-doc
icon=no
cupsbackend=/usr/lib/cups/backend
cupsfilter=/usr/lib/cups/filter
drv=/usr/share/cups/drv
bin=/usr/bin
apparmor=/etc/apparmor.d
# Following values are determined at configure time and cannot be changed.
[configure]
network-build=yes
libusb01-build=no
pp-build=yes
gui-build=yes
scanner-build=yes
fax-build=yes
dbus-build=yes
cups11-build=no
doc-build=yes
shadow-build=no
hpijs-install=yes
foomatic-drv-install=yes
foomatic-ppd-install=yes
foomatic-rip-hplip-install=no
hpcups-install=yes
cups-drv-install=yes
cups-ppd-install=no
internal-tag=3.16.3
restricted-build=no
ui-toolkit=qt4
qt3=no
qt4=yes
policy-kit=yes
lite-build=no
udev_sysfs_rules=no
hpcups-only-build=no
hpijs-only-build=no
apparmor_build=no

hp-check[31312]: info: :
hp-check[31312]: info: :[01mCurrent contents of '/var/lib/hp/hplip.state' file:[0m
hp-check[31312]: info: :Plugins are not installed. Could not access file: No such file or directory
hp-check[31312]: info: :
hp-check[31312]: info: :[01mCurrent contents of '~/.hplip/hplip.conf' file:[0m
hp-check[31312]: info: :[installation]
date_time = 01/13/17 16:38:21
version = 3.16.3


hp-check[31312]: info: : <Package-name>        <Package-Desc>      <Required/Optional> <Min-Version> <Installed-Version> <Status>   <Comment>
hp-check[31312]: info: :
hp-check[31312]: info: :--------------------------
hp-check[31312]: info: :|  External Dependencies |
hp-check[31312]: info: :--------------------------
hp-check[31312]: info: :
hp-check[31312]: info: : gs                   GhostScript - PostScript and PDF language interpreter and previewer REQUIRED        7.05            9.18            OK         -
hp-check[31312]: info: : xsane                xsane - Graphical scanner frontend for SANE                  OPTIONAL        0.9             0.999           OK         -
hp-check[31312]: info: : dbus                 DBus - Message bus system                                    REQUIRED        -               1.10.6          OK         -
hp-check[31312]: info: : avahi-utils          avahi-utils                                                  OPTIONAL        -               0.6.32          OK         -
hp-check[31312]: info: : cups                 CUPS - Common Unix Printing System                           REQUIRED        1.1             2.1.3           OK         'CUPS Scheduler is running'
hp-check[31312]: info: : policykit            PolicyKit - Administrative policy framework                  OPTIONAL        -               0.105           OK         -
hp-check[31312]: info: : scanimage            scanimage - Shell scanning program                           OPTIONAL        1.0             1.0.25          OK         -
hp-check[31312]: info: : network              network -wget                                                OPTIONAL        -               1.17.1          OK         -
hp-check[31312]: info: :
hp-check[31312]: info: :-------------------------
hp-check[31312]: info: :|  General Dependencies |
hp-check[31312]: info: :-------------------------
hp-check[31312]: info: :
hp-check[31312]: info: : sane                 SANE - Scanning library                                      REQUIRED        -               1.0.25          OK         -
hp-check[31312]: info: : python3-pyqt4        PyQt 4- Qt interface for Python (for Qt version 4.x)         REQUIRED        4.0             4.11.4          OK         -
hp-check[31312]: info: : sane-devel           SANE - Scanning library development files                    REQUIRED        -               1.0.25          OK         -
hp-check[31312]: info: : python3-dbus         Python DBus - Python bindings for DBus                       REQUIRED        0.80.0          1.2.0           OK         -
hp-check[31312]: info: : libusb               libusb - USB library                                         REQUIRED        -               1.0             OK         -
hp-check[31312]: info: : python3-devel        Python devel - Python development files                      REQUIRED        2.2             3.5.2           OK         -
hp-check[31312]: info: : python3-pyqt4-dbus   PyQt 4 DBus - DBus Support for PyQt4                         OPTIONAL        4.0             4.11.4          OK         -
hp-check[31312]: info: : python3-notify2      Python libnotify - Python bindings for the libnotify Desktop notifications OPTIONAL        -               -               OK         -
hp-check[31312]: info: : libpthread           libpthread - POSIX threads library                           REQUIRED        -               b'2.23'         OK         -
hp-check[31312]: info: : libnetsnmp-devel     libnetsnmp-devel - SNMP networking library development files REQUIRED        5.0.9           5.7.3           OK         -
hp-check[31312]: info: : libjpeg              libjpeg - JPEG library                                       REQUIRED        -               -               OK         -
hp-check[31312]: info: : python3X             Python 2.2 or greater - Python programming language          REQUIRED        2.2             3.5.2           OK         -
hp-check[31312]: info: : libcrypto            libcrypto - OpenSSL cryptographic library                    REQUIRED        -               1.0.2           OK         -
hp-check[31312]: info: : python3-xml          Python XML libraries                                         REQUIRED        -               2.1.0           OK         -
hp-check[31312]: info: : cups-image           CUPS image - CUPS image development files                    REQUIRED        -               2.1.3           OK         -
hp-check[31312]: info: : python3-pil          PIL - Python Imaging Library (required for commandline scanning with hp-scan) OPTIONAL        -               1.1.7           OK         -
hp-check[31312]: info: : cups-devel           CUPS devel- Common Unix Printing System development files    REQUIRED        -               2.1.3           OK         -
hp-check[31312]: info: : python3-reportlab    Reportlab - PDF library for Python                           OPTIONAL        2.0             3.3.0           OK         -
hp-check[31312]: info: :
hp-check[31312]: info: :---------------
hp-check[31312]: info: :|  COMPILEDEP |
hp-check[31312]: info: :---------------
hp-check[31312]: info: :
hp-check[31312]: info: : libtool              libtool - Library building support services                  REQUIRED        -               2.4.6           OK         -
hp-check[31312]: info: : make                 make - GNU make utility to maintain groups of programs       REQUIRED        3.0             4.1             OK         -
hp-check[31312]: info: : gcc                  gcc - GNU Project C and C++ Compiler                         REQUIRED        -               5.4.0           OK         -
hp-check[31312]: info: :
hp-check[31312]: info: :----------------------
hp-check[31312]: info: :|  Python Extentions |
hp-check[31312]: info: :----------------------
hp-check[31312]: info: :
hp-check[31312]: info: : cupsext              CUPS-Extension                                               REQUIRED        -               3.16.3          OK         -
hp-check[31312]: info: : hpmudext             IO-Extension                                                 REQUIRED        -               3.16.3          OK         -
hp-check[31312]: info: :
hp-check[31312]: info: :-----------------------
hp-check[31312]: info: :|  Scan Configuration |
hp-check[31312]: info: :-----------------------
hp-check[31312]: info: :
hp-check[31312]: info: :'/etc/sane.d/dll.d/hpaio' not found.
hp-check[31312]: info: : hpaio                HPLIP-SANE-Backend                                           REQUIRED        -               3.16.3          OK         'hpaio found in /etc/sane.d/dll.conf'
hp-check[31312]: info: : scanext              Scan-SANE-Extension                                          REQUIRED        -               3.16.3          OK         -
hp-check[31312]: info: :
hp-check[31312]: info: :-----------------------
hp-check[31312]: info: :|  Other Dependencies |
hp-check[31312]: info: :-----------------------
hp-check[31312]: info: :
hp-check[31312]: info: :
hp-check[31312]: info: :------------------------------
hp-check[31312]: info: :| DISCOVERED SCANNER DEVICES |
hp-check[31312]: info: :------------------------------
hp-check[31312]: info: :
hp-check[31312]: info: :No Scanner found.
hp-check[31312]: info: :
hp-check[31312]: info: :--------------------------
hp-check[31312]: info: :| DISCOVERED USB DEVICES |
hp-check[31312]: info: :--------------------------
hp-check[31312]: info: :
hp-check[31312]: info: :  Device URI                               Model              
hp-check[31312]: info: :  ---------------------------------------  -------------------
hp-check[31312]: info: :  hp:/usb/HP_LaserJet_1018?serial=KP0SZJ6  HP LaserJet 1018   
hp-check[31312]: info: :
hp-check[31312]: info: :---------------------------------
hp-check[31312]: info: :| INSTALLED CUPS PRINTER QUEUES |
hp-check[31312]: info: :---------------------------------
hp-check[31312]: info: :
hp-check[31312]: info: :
hp-check[31312]: info: :[01mHewlett-Packard-HP-LaserJet-1018[0m
hp-check[31312]: info: :[01m--------------------------------[0m
hp-check[31312]: info: :Type: Printer
hp-check[31312]: info: :Device URI: hp:/usb/HP_LaserJet_1018?serial=KP0SZJ6
hp-check[31312]: info: :PPD: /etc/cups/ppd/Hewlett-Packard-HP-LaserJet-1018.ppd
warning: Failed to read /etc/cups/ppd/Hewlett-Packard-HP-LaserJet-1018.ppd ppd file
hp-check[31312]: info: :PPD Description: 
hp-check[31312]: info: :Printer status: printer Hewlett-Packard-HP-LaserJet-1018 is idle.  enabled since Fri 13 Jan 2017 04:37:36 PM EST
error: Required plug-in status: Not installed
hp-check[31312]: info: :Communication status: Good
hp-check[31312]: info: :
hp-check[31312]: info: :
hp-check[31312]: info: :--------------
hp-check[31312]: info: :| PERMISSION |
hp-check[31312]: info: :--------------
hp-check[31312]: info: :
hp-check[31312]: info: :USB             Hewlett-Packard-HP-LaserJet-1018 Required        -        -        OK       Node:'/dev/bus/usb/002/008' Perm:'  root  lp rw- rw- rw- rw- r--'
hp-check[31312]: info: :
hp-check[31312]: info: :-----------
hp-check[31312]: info: :| SUMMARY |
hp-check[31312]: info: :-----------
hp-check[31312]: info: :
hp-check[31312]: info: :[01mMissing Required Dependencies[0m
hp-check[31312]: info: :[01m-----------------------------[0m
hp-check[31312]: info: :None
hp-check[31312]: info: :
hp-check[31312]: info: :[01mMissing Optional Dependencies[0m
hp-check[31312]: info: :[01m-----------------------------[0m
hp-check[31312]: info: :None

hp-check[31312]: info: :
hp-check[31312]: info: :[01mPlug-in Status[0m
hp-check[31312]: info: :[01m--------------[0m
error: Plug-ins need to be installed
hp-check[31312]: info: :
hp-check[31312]: info: :Total Errors: 1
hp-check[31312]: info: :Total Warnings: 0
hp-check[31312]: info: :
hp-check[31312]: info: :
hp-check[31312]: info: :Done.
